<?xml version="1.0" encoding="UTF-8"?>
<!-- Generated by org.testng.reporters.JUnitXMLReporter -->
<testsuite hostname="User-PC" name="Login test with incorrect credentials" tests="4" failures="0" timestamp="7 Aug 2014 17:33:19 GMT" time="36.896" errors="0">
  <testcase name="doIncorrectLogin" time="18.264" classname="com.kingautomation.salesforce.testcases.LoginTest"/>
  <testcase name="doIncorrectLogin" time="12.665" classname="com.kingautomation.salesforce.testcases.LoginTest"/>
  <testcase name="doIncorrectLogin" time="3.181" classname="com.kingautomation.salesforce.testcases.LoginTest"/>
  <testcase name="doIncorrectLogin" time="2.758" classname="com.kingautomation.salesforce.testcases.LoginTest"/>
</testsuite> <!-- Login test with incorrect credentials -->
